0 info it worked if it ends with ok
1 verbose cli [ 'C:\\Program Files\\nodejs\\\\node.exe',
1 verbose cli   'C:\\Program Files\\nodejs\\node_modules\\npm\\bin\\npm-cli.js',
1 verbose cli   'uninstall',
1 verbose cli   'protractor' ]
2 info using npm@1.3.8
3 info using node@v0.10.16
4 verbose node symlink C:\Program Files\nodejs\\node.exe
5 info C:\Users\istavnichuk\Documents\GitHub\screenshot-diff\node_modules\protractor unbuild
6 info preuninstall protractor@1.3.1
7 info uninstall protractor@1.3.1
8 verbose true,C:\Users\istavnichuk\Documents\GitHub\screenshot-diff\node_modules,C:\Users\istavnichuk\Documents\GitHub\screenshot-diff\node_modules unbuild protractor@1.3.1
9 verbose C:\Users\istavnichuk\Documents\GitHub\screenshot-diff\node_modules\.bin,[object Object] binRoot
10 info postuninstall protractor@1.3.1
11 error Error: EBUSY, unlink 'C:\Users\istavnichuk\Documents\GitHub\screenshot-diff\node_modules\protractor\selenium'
12 error If you need help, you may report this log at:
12 error     <http://github.com/isaacs/npm/issues>
12 error or email it to:
12 error     <npm-@googlegroups.com>
13 error System Windows_NT 6.1.7601
14 error command "C:\\Program Files\\nodejs\\\\node.exe" "C:\\Program Files\\nodejs\\node_modules\\npm\\bin\\npm-cli.js" "uninstall" "protractor"
15 error cwd C:\Users\istavnichuk\Documents\GitHub\screenshot-diff
16 error node -v v0.10.16
17 error npm -v 1.3.8
18 error path C:\Users\istavnichuk\Documents\GitHub\screenshot-diff\node_modules\protractor\selenium
19 error code EBUSY
20 error errno 10
21 verbose exit [ 10, true ]
